Clock      Train Name                               Next Position  
0.00       T7                                       16 
0.00       T4                                       10 
0.00       T6                                       14 
0.00       T0                                       2  
0.00       T3                                       8  
0.00       T5                                       12 
0.00       T2                                       6  
0.00       T1                                       4  
1.47       T3                                       8  
2.32       T5                                       12 
3.03       T6                                       14 
3.03       T5                                       14 
3.38       T1                                       4  
3.41       T4                                       10 
3.41       T3                                       10 
3.68       T7                                       16 
3.80       T6                                       16 
4.02       T4                                       12 
4.75       T0                                       2  
4.60       T7                                       18 
4.81       T2                                       6  
4.81       T1                                       6  
5.61       T0                                       4  
5.96       T6                                       16 
5.70       T2                                       8  
6.32       T5                                       14 
6.72       T5                                       16 
7.75       T3                                       10 
7.83       T1                                       6  
8.26       T0                                       4  
8.72       T7                                       18 
8.72       T6                                       18 
8.87       T5                                       16 
8.76       T0                                       6  
9.61       T2                                       8  
9.61       T1                                       8  
10.01      T0                                       6  
10.21      T2                                       10 
10.22      T7                                       0  
10.28      T4                                       12 
10.28      T3                                       12 
10.82      T4                                       14 
10.88      T6                                       18 
10.88      T5                                       18 
12.91      T2                                       10 
13.09      T4                                       14 
13.46      T7                                       0  
13.46      T6                                       0  
13.73      T4                                       16 
14.17      T3                                       12 
14.17      T2                                       12 
14.67      T5                                       18 
14.67      T3                                       14 
15.00      T1                                       8  
15.00      T0                                       8  
14.93      T7                                       2  
15.43      T1                                       10 
16.11      T0                                       8  
16.14      T6                                       0  
16.15      T7                                       2  
16.18      T5                                       0  
17.48      T7                                       4  
17.69      T6                                       2  
18.17      T1                                       10 
18.17      T0                                       10 
18.51      T3                                       14 
18.51      T4                                       16 
19.02      T3                                       16 
19.38      T2                                       12 
19.38      T1                                       12 
19.42      T4                                       18 
19.86      T7                                       4  
20.41      T0                                       10 
20.24      T2                                       14 
20.44      T5                                       0  
20.27      T7                                       6  
21.53      T6                                       2  
22.29      T5                                       2  
22.59      T1                                       12 
22.59      T0                                       12 
22.47      T6                                       4  
22.75      T3                                       16 
24.70      T2                                       14 
24.70      T1                                       14 
24.70      T0                                       12 
24.88      T4                                       18 
24.88      T3                                       18 
25.51      T2                                       16 
25.99      T6                                       4  
26.32      T7                                       6  
26.41      T4                                       0  
26.56      T6                                       6  
26.77      T2                                       16 
26.87      T7                                       8  
27.23      T3                                       18 
27.23      T5                                       2  
27.36      T1                                       14 
27.36      T0                                       14 
27.99      T1                                       16 
28.10      T7                                       8  
28.37      T5                                       4  
28.47      T4                                       0  
28.61      T2                                       18 
28.85      T3                                       0  
29.22      T7                                       10 
29.56      T6                                       6  
30.09      T4                                       2  
30.03      T6                                       8  
30.62      T5                                       4  
30.88      T1                                       16 
30.96      T0                                       14 
31.28      T5                                       6  
31.64      T0                                       16 
31.75      T3                                       0  
32.92      T5                                       6  
33.40      T7                                       10 
33.55      T2                                       18 
33.55      T1                                       18 
34.33      T6                                       8  
34.33      T5                                       8  
34.78      T0                                       16 
34.89      T6                                       10 
34.98      T7                                       12 
35.11      T2                                       0  
35.17      T4                                       2  
35.17      T3                                       2  
36.36      T4                                       4  
36.71      T3                                       2  
36.72      T1                                       18 
36.72      T0                                       18 
37.09      T5                                       8  
39.98      T6                                       10 
39.98      T5                                       10 
40.00      T7                                       12 
40.44      T2                                       0  
40.44      T1                                       0  
40.51      T6                                       12 
40.48      T7                                       14 
40.89      T0                                       18 
41.89      T4                                       4  
41.89      T3                                       4  
41.99      T2                                       2  
42.79      T4                                       6  
43.04      T5                                       10 
43.81      T1                                       0  
43.81      T0                                       0  
44.60      T6                                       12 
44.60      T5                                       12 
44.97      T3                                       4  
45.10      T4                                       6  
45.42      T4                                       8  
46.24      T7                                       14 
46.24      T6                                       14 
46.24      T5                                       12 
46.63      T2                                       2  
46.63      T1                                       2  
46.74      T3                                       6  
46.74      T7                                       16 
47.68      T2                                       4  
48.16      T7                                       16 
48.32      T4                                       8  
48.53      T0                                       0  
49.10      T4                                       10 
49.16      T1                                       2  
49.17      T7                                       18 
49.32      T2                                       4  
49.95      T6                                       14 
49.95      T5                                       14 
50.11      T0                                       2  
50.21      T1                                       4  
50.69      T6                                       16 
50.99      T3                                       6  
50.99      T2                                       6  
51.52      T3                                       8  
53.02      T6                                       16 
53.50      T4                                       10 
54.25      T0                                       2  
53.76      T4                                       12 
54.52      T1                                       4  
54.52      T3                                       8  
54.53      T5                                       14 
54.87      T7                                       18 
54.87      T6                                       18 
55.10      T2                                       6  
54.93      T1                                       6  
55.14      T5                                       16 
55.36      T0                                       4  
55.53      T2                                       8  
55.96      T4                                       12 
56.09      T3                                       10 
56.21      T7                                       0  
56.63      T0                                       4  
56.28      T4                                       14 
57.14      T5                                       16 
57.43      T6                                       18 
57.76      T1                                       6  
57.76      T0                                       6  
58.17      T5                                       18 
60.05      T3                                       10 
60.46      T4                                       14 
60.65      T3                                       12 
60.72      T2                                       8  
60.72      T1                                       8  
61.09      T0                                       6  
61.36      T2                                       10 
62.09      T7                                       0  
62.09      T6                                       0  
62.09      T5                                       18 
62.35      T4                                       16 
62.53      T1                                       8  
62.53      T0                                       8  
63.46      T7                                       2  
64.52      T4                                       16 
65.45      T3                                       12 
65.98      T2                                       10 
65.98      T1                                       10 
66.15      T6                                       0  
66.15      T5                                       0  
66.16      T0                                       8  
66.80      T2                                       12 
66.71      T4                                       18 
66.90      T7                                       2  
67.23      T3                                       14 
67.98      T6                                       2  
68.25      T7                                       4  
69.29      T5                                       0  
70.14      T3                                       14 
70.32      T1                                       10 
70.32      T0                                       10 
70.96      T3                                       16 
70.99      T4                                       18 
71.01      T6                                       2  
71.01      T5                                       2  
71.79      T2                                       12 
72.57      T2                                       14 
72.05      T1                                       12 
72.27      T4                                       0  
72.76      T7                                       4  
73.66      T6                                       4  
72.86      T7                                       6  
73.67      T5                                       2  
74.41      T0                                       10 
74.83      T2                                       14 
75.07      T1                                       12 
75.07      T0                                       12 
75.09      T7                                       6  
75.36      T3                                       16 
75.30      T2                                       16 
75.85      T1                                       14 
75.33      T7                                       8  
76.47      T3                                       18 
77.22      T1                                       14 
77.52      T4                                       0  
77.93      T0                                       12 
78.70      T7                                       8  
78.71      T2                                       16 
78.71      T1                                       16 
78.88      T0                                       14 
79.02      T6                                       4  
79.02      T5                                       4  
79.02      T4                                       2  
79.38      T7                                       10 
79.58      T6                                       6  
80.95      T6                                       6  
81.57      T3                                       18 
81.57      T2                                       18 
81.32      T6                                       8  
81.79      T0                                       14 
81.83      T4                                       2  
81.85      T5                                       4  
82.64      T5                                       6  
83.01      T4                                       4  
83.38      T1                                       16 
83.38      T0                                       16 
83.60      T7                                       10 
83.76      T3                                       0  
84.00      T2                                       18 
84.20      T7                                       12 
84.25      T4                                       4  
84.50      T1                                       18 
85.96      T6                                       8  
86.16      T7                                       12 
86.21      T3                                       0  
86.21      T2                                       0  
86.71      T6                                       10 
86.61      T7                                       14 
86.92      T0                                       16 
87.85      T5                                       6  
87.85      T4                                       6  
88.36      T5                                       8  
88.62      T3                                       2  
90.33      T1                                       18 
90.33      T0                                       18 
90.41      T7                                       14 
90.47      T6                                       10 
90.92      T4                                       6  
90.91      T7                                       16 
91.04      T6                                       12 
91.13      T5                                       8  
91.49      T2                                       0  
91.35      T4                                       8  
91.86      T3                                       2  
91.39      T5                                       10 
91.51      T1                                       0  
91.51      T0                                       18 
92.66      T3                                       4  
93.32      T2                                       2  
93.68      T5                                       10 
94.77      T6                                       12 
94.83      T7                                       16 
94.91      T5                                       12 
95.63      T6                                       14 
95.78      T3                                       4  
95.89      T7                                       18 
95.96      T4                                       8  
96.48      T1                                       0  
96.48      T0                                       0  
96.08      T3                                       6  
96.85      T4                                       10 
96.95      T2                                       2  
98.04      T2                                       4  
98.00      T1                                       2  
98.00      T0                                       0  
99.08      T5                                       12 
99.61      T3                                       6  
100.14     T3                                       8  
100.37     T7                                       18 
100.41     T6                                       14 
100.41     T5                                       14 
100.88     T4                                       10 
100.94     T6                                       16 
100.99     T2                                       4  
101.59     T1                                       2  
101.59     T0                                       2  
102.14     T5                                       14 
101.59     T7                                       0  
102.49     T4                                       12 
102.90     T2                                       6  
103.11     T3                                       8  
104.11     T3                                       10 
103.41     T1                                       4  
104.84     T6                                       16 
104.84     T5                                       16 
105.44     T7                                       0  
105.76     T1                                       4  
105.92     T6                                       18 
106.12     T4                                       12 
106.50     T2                                       6  
106.50     T1                                       6  
106.75     T4                                       14 
107.72     T0                                       2  
107.72     T7                                       2  
107.95     T2                                       8  
108.25     T4                                       14 
108.83     T5                                       16 
108.61     T0                                       4  
108.88     T4                                       16 
108.96     T6                                       18 
109.74     T3                                       10 
109.91     T5                                       18 
110.20     T1                                       6  
110.24     T6                                       0  
110.48     T3                                       12 
111.25     T5                                       18 
111.43     T0                                       4  
111.46     T2                                       8  
111.46     T1                                       8  
112.01     T7                                       2  
111.85     T0                                       6  
112.07     T2                                       10 
113.07     T7                                       4  
113.59     T4                                       16 
113.91     T3                                       12 
114.18     T2                                       10 
114.20     T6                                       0  
114.20     T5                                       0  
114.49     T1                                       8  
114.50     T4                                       18 
114.86     T2                                       12 
115.12     T1                                       10 
115.17     T0                                       6  
115.66     T3                                       14 
116.58     T4                                       18 
116.71     T6                                       2  
116.89     T0                                       8  
118.30     T7                                       4  
118.60     T3                                       14 
118.75     T5                                       0  
118.75     T4                                       0  
118.85     T7                                       6  
119.57     T1                                       10 
119.62     T6                                       2  
